#
# A fatal error has been detected by the Java Runtime Environment:
#
#  SIGSEGV (0xb) at pc=0x000000010bbcf5cc, pid=1926, tid=0x0000000000000d03
#
# JRE version: Java(TM) SE Runtime Environment (8.0_251-b08) (build 1.8.0_251-b08)
# Java VM: Java HotSpot(TM) 64-Bit Server VM (25.251-b08 mixed mode bsd-amd64 compressed oops)
# Problematic frame:
# V  [libjvm.dylib+0x3cf5cc]  CallInfo::set_common(KlassHandle, KlassHandle, methodHandle, methodHandle, CallInfo::CallKind, int, Thread*)+0x1a
#
# Failed to write core dump. Core dumps have been disabled. To enable core dumping, try "ulimit -c unlimited" before starting Java again
#
# If you would like to submit a bug report, please visit:
#   http://bugreport.java.com/bugreport/crash.jsp
#

---------------  T H R E A D  ---------------

Current thread (0x00007ff86300a800):  JavaThread "main" [_thread_in_vm, id=3331, stack(0x000070000981f000,0x000070000991f000)]

siginfo: si_signo: 11 (SIGSEGV), si_code: 1 (SEGV_MAPERR), si_addr: 0x00000008002afbd0

Registers:
RAX=0x0000000000000018, RBX=0x0000000000000000, RCX=0x000070000991cc18, RDX=0x00000007c000dd08
RSP=0x000070000991cb50, RBP=0x000070000991cbd0, RSI=0x00000007c000dd08, RDI=0xfffff6ba400801d8
R8 =0x000070000991cc08, R9 =0x0000000000000000, R10=0x00000001208c6198, R11=0x000070000991ce88
R12=0x0000000000000000, R13=0x00000001208c7270, R14=0x000070000991cc08, R15=0x000070000991cc18
RIP=0x000000010bbcf5cc, EFLAGS=0x0000000000010206, ERR=0x0000000000000006
  TRAPNO=0x000000000000000e

Top of Stack: (sp=0x000070000991cb50)
0x000070000991cb50:   00000007c000dd08 000070000991cdb0
0x000070000991cb60:   000070000991cd90 000000010bbce3cd
0x000070000991cb70:   00007ff800000001 00007ff86300a800
0x000070000991cb80:   00007ff86300a800 00000001208523d8
0x000070000991cb90:   000070000991cc10 00000001208523d8
0x000070000991cba0:   0000000111861600 00000001208c7270
0x000070000991cbb0:   0000000000000000 00000001208c7270
0x000070000991cbc0:   000070000991cd18 00000008002afbd0
0x000070000991cbd0:   000070000991cc60 000000010bbd020c
0x000070000991cbe0:   00007000fffffffe 00007ff86300a800
0x000070000991cbf0:   00000007c000dd08 fffffffe6270ed00
0x000070000991cc00:   00000007c000dd08 00000001208c7270
0x000070000991cc10:   00007ff86300a800 00000001208c7270
0x000070000991cc20:   00007ff86300a800 00000001208c7270
0x000070000991cc30:   00000001208c7270 00007ff86300a800
0x000070000991cc40:   00000001208c7270 00007ff86300a800
0x000070000991cc50:   00000001208c7270 fffffffffffffffe
0x000070000991cc60:   000070000991cd90 000000010bbd0659
0x000070000991cc70:   00007ff86300a800 0000000800000002
0x000070000991cc80:   010070000991cc00 000070000991cfd8
0x000070000991cc90:   00000007c000dd08 000070000991cdc0
0x000070000991cca0:   00000007c000dd08 00000000000003d8
0x000070000991ccb0:   000000010c03e030 00007ff8648389b0
0x000070000991ccc0:   0000000020851c60 0000000120851c60
0x000070000991ccd0:   0000000000000000 0000000000000003
0x000070000991cce0:   00000001208523d8 00007ff86300a800
0x000070000991ccf0:   00000001208523d8 00007ff86300a800
0x000070000991cd00:   00000007c000dd08 00000001208c7270
0x000070000991cd10:   00007ff86300a800 00000001208c7270
0x000070000991cd20:   00007ff86300a800 00000001208c7270
0x000070000991cd30:   00000001208c7270 00007ff86300a800
0x000070000991cd40:   0000000000000013 00000001208c7270 

Instructions: (pc=0x000000010bbcf5cc)
0x000000010bbcf5ac:   5d e9 70 fc ff ff 55 48 89 e5 41 57 41 56 41 55
0x000000010bbcf5bc:   41 54 53 48 83 ec 58 44 89 cb 4d 89 c6 49 89 cf
0x000000010bbcf5cc:   48 89 37 48 89 57 08 48 8b 47 10 48 85 c0 49 89
0x000000010bbcf5dc:   fc 74 2b 49 8b 4c 24 18 48 8b b9 40 01 00 00 8b 

Register to memory mapping:

RAX=0x0000000000000018 is an unknown value
RBX=0x0000000000000000 is an unknown value
RCX=0x000070000991cc18 is pointing into the stack for thread: 0x00007ff86300a800
RDX=0x00000007c000dd08 is pointing into metadata
RSP=0x000070000991cb50 is pointing into the stack for thread: 0x00007ff86300a800
RBP=0x000070000991cbd0 is pointing into the stack for thread: 0x00007ff86300a800
RSI=0x00000007c000dd08 is pointing into metadata
RDI=0xfffff6ba400801d8 is an unknown value
R8 =0x000070000991cc08 is pointing into the stack for thread: 0x00007ff86300a800
R9 =0x0000000000000000 is an unknown value
R10=0x00000001208c6198 is pointing into metadata
R11=0x000070000991ce88 is pointing into the stack for thread: 0x00007ff86300a800
R12=0x0000000000000000 is an unknown value
R13={method} {0x00000001208c7270} 'append' '(Ljava/lang/String;)Ljava/lang/StringBuilder;' in 'java/lang/StringBuilder'
R14=0x000070000991cc08 is pointing into the stack for thread: 0x00007ff86300a800
R15=0x000070000991cc18 is pointing into the stack for thread: 0x00007ff86300a800


Stack: [0x000070000981f000,0x000070000991f000],  sp=0x000070000991cb50,  free space=1014k
Native frames: (J=compiled Java code, j=interpreted, Vv=VM code, C=native code)
V  [libjvm.dylib+0x3cf5cc]  CallInfo::set_common(KlassHandle, KlassHandle, methodHandle, methodHandle, CallInfo::CallKind, int, Thread*)+0x1a
V  [libjvm.dylib+0x3d020c]  CallInfo::set_virtual(KlassHandle, KlassHandle, methodHandle, methodHandle, int, Thread*)+0xfa
V  [libjvm.dylib+0x3d0659]  LinkResolver::runtime_resolve_virtual_method(CallInfo&, methodHandle, KlassHandle, Handle, KlassHandle, bool, Thread*)+0x3d7
V  [libjvm.dylib+0x3d088b]  LinkResolver::resolve_virtual_call(CallInfo&, Handle, KlassHandle, KlassHandle, Symbol*, Symbol*, KlassHandle, bool, bool, Thread*)+0xc9
V  [libjvm.dylib+0x3d0a3f]  LinkResolver::resolve_invokevirtual(CallInfo&, Handle, constantPoolHandle, int, Thread*)+0x143
V  [libjvm.dylib+0x3d26d6]  LinkResolver::resolve_invoke(CallInfo&, Handle, constantPoolHandle, int, Bytecodes::Code, Thread*)+0x208
V  [libjvm.dylib+0x2ead8a]  InterpreterRuntime::resolve_invoke(JavaThread*, Bytecodes::Code)+0x364
j  sun.net.www.ParseUtil.fileToEncodedURL(Ljava/io/File;)Ljava/net/URL;+63
j  sun.misc.Launcher.getFileURL(Ljava/io/File;)Ljava/net/URL;+10
j  sun.misc.Launcher.pathToURLs([Ljava/io/File;)[Ljava/net/URL;+19
j  sun.misc.Launcher.access$400([Ljava/io/File;)[Ljava/net/URL;+1
j  sun.misc.Launcher$AppClassLoader$1.run()Lsun/misc/Launcher$AppClassLoader;+18
j  sun.misc.Launcher$AppClassLoader$1.run()Ljava/lang/Object;+1
v  ~StubRoutines::call_stub
V  [libjvm.dylib+0x2f09b2]  JavaCalls::call_helper(JavaValue*, methodHandle*, JavaCallArguments*, Thread*)+0x6ae
V  [libjvm.dylib+0x3511e0]  JVM_DoPrivileged+0x4b8
j  java.security.AccessController.doPrivileged(Ljava/security/PrivilegedAction;)Ljava/lang/Object;+0
j  sun.misc.Launcher$AppClassLoader.getAppClassLoader(Ljava/lang/ClassLoader;)Ljava/lang/ClassLoader;+32
j  sun.misc.Launcher.<init>()V+25
j  sun.misc.Launcher.<clinit>()V+15
v  ~StubRoutines::call_stub
V  [libjvm.dylib+0x2f09b2]  JavaCalls::call_helper(JavaValue*, methodHandle*, JavaCallArguments*, Thread*)+0x6ae
V  [libjvm.dylib+0x2c38f5]  InstanceKlass::call_class_initializer_impl(instanceKlassHandle, Thread*)+0xbf
V  [libjvm.dylib+0x2c4e3d]  InstanceKlass::initialize_impl(instanceKlassHandle, Thread*)+0x4ab
V  [libjvm.dylib+0x2c50d3]  InstanceKlass::initialize(Thread*)+0x3d
V  [libjvm.dylib+0x3d22ac]  LinkResolver::resolve_static_call(CallInfo&, KlassHandle&, Symbol*, Symbol*, KlassHandle, bool, bool, Thread*)+0x9c
V  [libjvm.dylib+0x3d24c0]  LinkResolver::resolve_invokestatic(CallInfo&, constantPoolHandle, int, Thread*)+0x102
V  [libjvm.dylib+0x3d2581]  LinkResolver::resolve_invoke(CallInfo&, Handle, constantPoolHandle, int, Bytecodes::Code, Thread*)+0xb3
V  [libjvm.dylib+0x2ead8a]  InterpreterRuntime::resolve_invoke(JavaThread*, Bytecodes::Code)+0x364
j  java.lang.ClassLoader.initSystemClassLoader()V+22
j  java.lang.ClassLoader.getSystemClassLoader()Ljava/lang/ClassLoader;+0
v  ~StubRoutines::call_stub
V  [libjvm.dylib+0x2f09b2]  JavaCalls::call_helper(JavaValue*, methodHandle*, JavaCallArguments*, Thread*)+0x6ae
V  [libjvm.dylib+0x2f0bad]  JavaCalls::call_static(JavaValue*, KlassHandle, Symbol*, Symbol*, JavaCallArguments*, Thread*)+0x115
V  [libjvm.dylib+0x2f0d25]  JavaCalls::call_static(JavaValue*, KlassHandle, Symbol*, Symbol*, Thread*)+0x39
V  [libjvm.dylib+0x547979]  SystemDictionary::compute_java_system_loader(Thread*)+0x3b
V  [libjvm.dylib+0x578966]  Threads::create_vm(JavaVMInitArgs*, bool*)+0xc28
V  [libjvm.dylib+0x326f66]  JNI_CreateJavaVM+0x76
C  [java+0x3036]  JavaMain+0x134
C  [libsystem_pthread.dylib+0x6109]  _pthread_start+0x94
C  [libsystem_pthread.dylib+0x1b8b]  thread_start+0xf
C  0x0000000000000000

Java frames: (J=compiled Java code, j=interpreted, Vv=VM code)
j  sun.net.www.ParseUtil.fileToEncodedURL(Ljava/io/File;)Ljava/net/URL;+63
j  sun.misc.Launcher.getFileURL(Ljava/io/File;)Ljava/net/URL;+10
j  sun.misc.Launcher.pathToURLs([Ljava/io/File;)[Ljava/net/URL;+19
j  sun.misc.Launcher.access$400([Ljava/io/File;)[Ljava/net/URL;+1
j  sun.misc.Launcher$AppClassLoader$1.run()Lsun/misc/Launcher$AppClassLoader;+18
j  sun.misc.Launcher$AppClassLoader$1.run()Ljava/lang/Object;+1
v  ~StubRoutines::call_stub
j  java.security.AccessController.doPrivileged(Ljava/security/PrivilegedAction;)Ljava/lang/Object;+0
j  sun.misc.Launcher$AppClassLoader.getAppClassLoader(Ljava/lang/ClassLoader;)Ljava/lang/ClassLoader;+32
j  sun.misc.Launcher.<init>()V+25
j  sun.misc.Launcher.<clinit>()V+15
v  ~StubRoutines::call_stub
j  java.lang.ClassLoader.initSystemClassLoader()V+22
j  java.lang.ClassLoader.getSystemClassLoader()Ljava/lang/ClassLoader;+0
v  ~StubRoutines::call_stub

---------------  P R O C E S S  ---------------

Java Threads: ( => current thread )
  0x00007ff863021000 JavaThread "Finalizer" daemon [_thread_blocked, id=11011, stack(0x0000700009f34000,0x000070000a034000)]
  0x00007ff86280a000 JavaThread "Reference Handler" daemon [_thread_blocked, id=20739, stack(0x0000700009e31000,0x0000700009f31000)]
=>0x00007ff86300a800 JavaThread "main" [_thread_in_vm, id=3331, stack(0x000070000981f000,0x000070000991f000)]

Other Threads:
  0x00007ff863845800 VMThread [stack: 0x0000700009d2e000,0x0000700009e2e000] [id=21251]

VM state:not at safepoint (normal execution)

VM Mutex/Monitor currently owned by a thread: None

heap address: 0x0000000740000000, size: 2048 MB, Compressed Oops mode: Zero based, Oop shift amount: 3
Narrow klass base: 0x0000000000000000, Narrow klass shift: 3
Compressed class space size: 1073741824 Address: 0x00000007c0000000

Heap:
 PSYoungGen      total 38400K, used 665K [0x0000000795580000, 0x0000000798000000, 0x00000007c0000000)
  eden space 33280K, 2% used [0x0000000795580000,0x0000000795626670,0x0000000797600000)
  from space 5120K, 0% used [0x0000000797b00000,0x0000000797b00000,0x0000000798000000)
  to   space 5120K, 0% used [0x0000000797600000,0x0000000797600000,0x0000000797b00000)
 ParOldGen       total 87552K, used 0K [0x0000000740000000, 0x0000000745580000, 0x0000000795580000)
  object space 87552K, 0% used [0x0000000740000000,0x0000000740000000,0x0000000745580000)
 Metaspace       used 2108K, capacity 4480K, committed 4480K, reserved 1056768K
  class space    used 229K, capacity 384K, committed 384K, reserved 1048576K

Card table byte_map: [0x000000010cb7e000,0x000000010cf7f000] byte_map_base: 0x000000010917e000

Marking Bits: (ParMarkBitMap*) 0x000000010c100f60
 Begin Bits: [0x000000010d22a000, 0x000000010f22a000)
 End Bits:   [0x000000010f22a000, 0x000000011122a000)

Polling page: 0x000000010ae75000

CodeCache: size=245760Kb used=437Kb max_used=437Kb free=245322Kb
 bounds [0x000000011184e000, 0x0000000111abe000, 0x000000012084e000]
 total_blobs=161 nmethods=0 adapters=128
 compilation: enabled

Compilation events (0 events):
No events

GC Heap History (0 events):
No events

Deoptimization events (0 events):
No events

Classes redefined (0 events):
No events

Internal exceptions (2 events):
Event: 0.038 Thread 0x00007ff86300a800 Exception <a 'java/lang/NoSuchMethodError': Method sun.misc.Unsafe.defineClass(Ljava/lang/String;[BII)Ljava/lang/Class; name or signature does not match> (0x0000000795587cc0) thrown at [/jenkins/workspace/8-2-build-macosx-x86_64/jdk8u251/737/hotspot/src/s
Event: 0.038 Thread 0x00007ff86300a800 Exception <a 'java/lang/NoSuchMethodError': Method sun.misc.Unsafe.prefetchRead(Ljava/lang/Object;J)V name or signature does not match> (0x0000000795587fa8) thrown at [/jenkins/workspace/8-2-build-macosx-x86_64/jdk8u251/737/hotspot/src/share/vm/prims/jni.

Events (10 events):
Event: 0.085 loading class java/security/ProtectionDomain$Key
Event: 0.085 loading class java/security/ProtectionDomain$Key done
Event: 0.085 loading class java/security/Principal
Event: 0.085 loading class java/security/Principal done
Event: 0.085 loading class sun/misc/URLClassPath
Event: 0.085 loading class sun/misc/URLClassPath done
Event: 0.086 loading class sun/net/www/protocol/jar/Handler
Event: 0.086 loading class sun/net/www/protocol/jar/Handler done
Event: 0.086 loading class sun/misc/Launcher$AppClassLoader$1
Event: 0.086 loading class sun/misc/Launcher$AppClassLoader$1 done


Dynamic libraries:
0x00007fff34b68000 	/System/Library/Frameworks/Cocoa.framework/Versions/A/Cocoa
0x00007fff42350000 	/System/Library/Frameworks/Security.framework/Versions/A/Security
0x00007fff33acf000 	/System/Library/Frameworks/ApplicationServices.framework/Versions/A/ApplicationServices
0x00007fff6ee0f000 	/usr/lib/libz.1.dylib
0x00007fff6c8d3000 	/usr/lib/libSystem.B.dylib
0x00007fff6e733000 	/usr/lib/libobjc.A.dylib
0x00007fff35a08000 	/System/Library/Frameworks/CoreFoundation.framework/Versions/A/CoreFoundation
0x00007fff380c2000 	/System/Library/Frameworks/Foundation.framework/Versions/C/Foundation
0x00007fff32cbf000 	/System/Library/Frameworks/AppKit.framework/Versions/C/AppKit
0x00007fff354ec000 	/System/Library/Frameworks/CoreData.framework/Versions/A/CoreData
0x00007fff668ee000 	/System/Library/PrivateFrameworks/UIFoundation.framework/Versions/A/UIFoundation
0x00007fff61992000 	/System/Library/PrivateFrameworks/RemoteViewServices.framework/Versions/A/RemoteViewServices
0x00007fff69443000 	/System/Library/PrivateFrameworks/XCTTargetBootstrap.framework/Versions/A/XCTTargetBootstrap
0x00007fff358d7000 	/System/Library/Frameworks/CoreDisplay.framework/Versions/A/CoreDisplay
0x00007fff3af7d000 	/System/Library/Frameworks/Metal.framework/Versions/A/Metal
0x00007fff4f9b4000 	/System/Library/PrivateFrameworks/DesktopServicesPriv.framework/Versions/A/DesktopServicesPriv
0x00007fff6da0e000 	/usr/lib/liblangid.dylib
0x00007fff4ec4c000 	/System/Library/PrivateFrameworks/CoreSVG.framework/Versions/A/CoreSVG
0x00007fff64aeb000 	/System/Library/PrivateFrameworks/SkyLight.framework/Versions/A/SkyLight
0x00007fff35e89000 	/System/Library/Frameworks/CoreGraphics.framework/Versions/A/CoreGraphics
0x00007fff31693000 	/System/Library/Frameworks/Accelerate.framework/Versions/A/Accelerate
0x00007fff6ed00000 	/usr/lib/libxml2.2.dylib
0x00007fff5a92b000 	/System/Library/PrivateFrameworks/IconServices.framework/Versions/A/IconServices
0x00007fff388a1000 	/System/Library/Frameworks/IOSurface.framework/Versions/A/IOSurface
0x00007fff6c3fd000 	/usr/lib/libDiagnosticMessagesClient.dylib
0x00007fff4f80e000 	/System/Library/PrivateFrameworks/DFRFoundation.framework/Versions/A/DFRFoundation
0x00007fff6d79d000 	/usr/lib/libicucore.A.dylib
0x00007fff33e01000 	/System/Library/Frameworks/AudioToolbox.framework/Versions/A/AudioToolbox
0x00007fff33ee4000 	/System/Library/Frameworks/AudioUnit.framework/Versions/A/AudioUnit
0x00007fff6cad5000 	/usr/lib/libauto.dylib
0x00007fff4f8b0000 	/System/Library/PrivateFrameworks/DataDetectorsCore.framework/Versions/A/DataDetectorsCore
0x00007fff34689000 	/System/Library/Frameworks/Carbon.framework/Versions/A/Frameworks/HIToolbox.framework/Versions/A/HIToolbox
0x00007fff4154d000 	/System/Library/Frameworks/QuartzCore.framework/Versions/A/QuartzCore
0x00007fff349c8000 	/System/Library/Frameworks/Carbon.framework/Versions/A/Frameworks/SpeechRecognition.framework/Versions/A/SpeechRecognition
0x00007fff4f325000 	/System/Library/PrivateFrameworks/CoreUI.framework/Versions/A/CoreUI
0x00007fff34f57000 	/System/Library/Frameworks/CoreAudio.framework/Versions/A/CoreAudio
0x00007fff37d83000 	/System/Library/Frameworks/DiskArbitration.framework/Versions/A/DiskArbitration
0x00007fff5c979000 	/System/Library/PrivateFrameworks/MultitouchSupport.framework/Versions/A/MultitouchSupport
0x00007fff6d664000 	/usr/lib/libenergytrace.dylib
0x00007fff387fb000 	/System/Library/Frameworks/IOKit.framework/Versions/A/IOKit
0x00007fff36def000 	/System/Library/Frameworks/CoreServices.framework/Versions/A/CoreServices
0x00007fff5eb28000 	/System/Library/PrivateFrameworks/PerformanceAnalysis.framework/Versions/A/PerformanceAnalysis
0x00007fff40580000 	/System/Library/Frameworks/OpenGL.framework/Versions/A/OpenGL
0x00007fff34b76000 	/System/Library/Frameworks/ColorSync.framework/Versions/A/ColorSync
0x00007fff3650b000 	/System/Library/Frameworks/CoreImage.framework/Versions/A/CoreImage
0x00007fff37862000 	/System/Library/Frameworks/CoreText.framework/Versions/A/CoreText
0x00007fff38931000 	/System/Library/Frameworks/ImageIO.framework/Versions/A/ImageIO
0x00007fff6cbb9000 	/usr/lib/libc++.1.dylib
0x00007fff6cc35000 	/usr/lib/libcompression.dylib
0x00007fff6c741000 	/usr/lib/libMobileGestalt.dylib
0x00007fff66663000 	/System/Library/PrivateFrameworks/TextureIO.framework/Versions/A/TextureIO
0x00007fff6ca38000 	/usr/lib/libate.dylib
0x00007fff5ab34000 	/System/Library/PrivateFrameworks/InternationalSupport.framework/Versions/A/InternationalSupport
0x00007fff6f6cf000 	/usr/lib/system/libcache.dylib
0x00007fff6f6d5000 	/usr/lib/system/libcommonCrypto.dylib
0x00007fff6f6e1000 	/usr/lib/system/libcompiler_rt.dylib
0x00007fff6f6e9000 	/usr/lib/system/libcopyfile.dylib
0x00007fff6f6f3000 	/usr/lib/system/libcorecrypto.dylib
0x00007fff6f892000 	/usr/lib/system/libdispatch.dylib
0x00007fff6f8d3000 	/usr/lib/system/libdyld.dylib
0x00007fff6f90a000 	/usr/lib/system/libkeymgr.dylib
0x00007fff6f918000 	/usr/lib/system/liblaunch.dylib
0x00007fff6f919000 	/usr/lib/system/libmacho.dylib
0x00007fff6f91f000 	/usr/lib/system/libquarantine.dylib
0x00007fff6f922000 	/usr/lib/system/libremovefile.dylib
0x00007fff6f924000 	/usr/lib/system/libsystem_asl.dylib
0x00007fff6f93c000 	/usr/lib/system/libsystem_blocks.dylib
0x00007fff6f93d000 	/usr/lib/system/libsystem_c.dylib
0x00007fff6f9c5000 	/usr/lib/system/libsystem_configuration.dylib
0x00007fff6f9c9000 	/usr/lib/system/libsystem_coreservices.dylib
0x00007fff6f9cd000 	/usr/lib/system/libsystem_darwin.dylib
0x00007fff6f9d6000 	/usr/lib/system/libsystem_dnssd.dylib
0x00007fff6f9de000 	/usr/lib/system/libsystem_featureflags.dylib
0x00007fff6f9e0000 	/usr/lib/system/libsystem_info.dylib
0x00007fff6fa5b000 	/usr/lib/system/libsystem_m.dylib
0x00007fff6faa3000 	/usr/lib/system/libsystem_malloc.dylib
0x00007fff6facb000 	/usr/lib/system/libsystem_networkextension.dylib
0x00007fff6fad9000 	/usr/lib/system/libsystem_notify.dylib
0x00007fff6faf7000 	/usr/lib/system/libsystem_sandbox.dylib
0x00007fff6fafc000 	/usr/lib/system/libsystem_secinit.dylib
0x00007fff6fa2e000 	/usr/lib/system/libsystem_kernel.dylib
0x00007fff6fae3000 	/usr/lib/system/libsystem_platform.dylib
0x00007fff6faec000 	/usr/lib/system/libsystem_pthread.dylib
0x00007fff6faff000 	/usr/lib/system/libsystem_symptoms.dylib
0x00007fff6fb07000 	/usr/lib/system/libsystem_trace.dylib
0x00007fff6fb1f000 	/usr/lib/system/libunwind.dylib
0x00007fff6fb25000 	/usr/lib/system/libxpc.dylib
0x00007fff6cc0c000 	/usr/lib/libc++abi.dylib
0x00007fff6da10000 	/usr/lib/liblzma.5.dylib
0x00007fff6d68b000 	/usr/lib/libfakelink.dylib
0x00007fff6c9c5000 	/usr/lib/libarchive.2.dylib
0x00007fff43401000 	/System/Library/Frameworks/SystemConfiguration.framework/Versions/A/SystemConfiguration
0x00007fff6c330000 	/usr/lib/libCRFSuite.dylib
0x00007fff3427a000 	/System/Library/Frameworks/CFNetwork.framework/Versions/A/CFNetwork
0x00007fff6cb9b000 	/usr/lib/libbsm.0.dylib
0x00007fff6f90b000 	/usr/lib/system/libkxld.dylib
0x00007fff4919a000 	/System/Library/PrivateFrameworks/AppleFSCompression.framework/Versions/A/AppleFSCompression
0x00007fff6cf26000 	/usr/lib/libcoretls.dylib
0x00007fff6cf3d000 	/usr/lib/libcoretls_cfhelpers.dylib
0x00007fff6e779000 	/usr/lib/libpam.2.dylib
0x00007fff6e8ae000 	/usr/lib/libsqlite3.dylib
0x00007fff6eced000 	/usr/lib/libxar.1.dylib
0x00007fff6cbac000 	/usr/lib/libbz2.1.0.dylib
0x00007fff6d6ac000 	/usr/lib/libiconv.2.dylib
0x00007fff6cc22000 	/usr/lib/libcharset.1.dylib
0x00007fff6e216000 	/usr/lib/libnetwork.dylib
0x00007fff6e780000 	/usr/lib/libpcap.A.dylib
0x00007fff6c97a000 	/usr/lib/libapple_nghttp2.dylib
0x00007fff371a6000 	/System/Library/Frameworks/CoreServices.framework/Versions/A/Frameworks/FSEvents.framework/Versions/A/FSEvents
0x00007fff36e76000 	/System/Library/Frameworks/CoreServices.framework/Versions/A/Frameworks/CarbonCore.framework/Versions/A/CarbonCore
0x00007fff373ea000 	/System/Library/Frameworks/CoreServices.framework/Versions/A/Frameworks/Metadata.framework/Versions/A/Metadata
0x00007fff37483000 	/System/Library/Frameworks/CoreServices.framework/Versions/A/Frameworks/OSServices.framework/Versions/A/OSServices
0x00007fff374b1000 	/System/Library/Frameworks/CoreServices.framework/Versions/A/Frameworks/SearchKit.framework/Versions/A/SearchKit
0x00007fff36df0000 	/System/Library/Frameworks/CoreServices.framework/Versions/A/Frameworks/AE.framework/Versions/A/AE
0x00007fff371af000 	/System/Library/Frameworks/CoreServices.framework/Versions/A/Frameworks/LaunchServices.framework/Versions/A/LaunchServices
0x00007fff37158000 	/System/Library/Frameworks/CoreServices.framework/Versions/A/Frameworks/DictionaryServices.framework/Versions/A/DictionaryServices
0x00007fff37519000 	/System/Library/Frameworks/CoreServices.framework/Versions/A/Frameworks/SharedFileList.framework/Versions/A/SharedFileList
0x00007fff3c3a0000 	/System/Library/Frameworks/NetFS.framework/Versions/A/NetFS
0x00007fff5cea9000 	/System/Library/PrivateFrameworks/NetAuth.framework/Versions/A/NetAuth
0x00007fff69810000 	/System/Library/PrivateFrameworks/login.framework/Versions/A/Frameworks/loginsupport.framework/Versions/A/loginsupport
0x00007fff6612e000 	/System/Library/PrivateFrameworks/TCC.framework/Versions/A/TCC
0x00007fff4ddbf000 	/System/Library/PrivateFrameworks/CoreNLP.framework/Versions/A/CoreNLP
0x00007fff5c3a6000 	/System/Library/PrivateFrameworks/MetadataUtilities.framework/Versions/A/MetadataUtilities
0x00007fff6dae8000 	/usr/lib/libmecabra.dylib
0x00007fff6da40000 	/usr/lib/libmecab.dylib
0x00007fff6d69c000 	/usr/lib/libgermantok.dylib
0x00007fff6c961000 	/usr/lib/libThaiTokenizer.dylib
0x00007fff6c367000 	/usr/lib/libChineseTokenizer.dylib
0x00007fff316ab000 	/System/Library/Frameworks/Accelerate.framework/Versions/A/Frameworks/vImage.framework/Versions/A/vImage
0x00007fff32b15000 	/System/Library/Frameworks/Accelerate.framework/Versions/A/Frameworks/vecLib.framework/Versions/A/vecLib
0x00007fff32a52000 	/System/Library/Frameworks/Accelerate.framework/Versions/A/Frameworks/vecLib.framework/Versions/A/libvMisc.dylib
0x00007fff3287a000 	/System/Library/Frameworks/Accelerate.framework/Versions/A/Frameworks/vecLib.framework/Versions/A/libvDSP.dylib
0x00007fff31d02000 	/System/Library/Frameworks/Accelerate.framework/Versions/A/Frameworks/vecLib.framework/Versions/A/libBLAS.dylib
0x00007fff3243e000 	/System/Library/Frameworks/Accelerate.framework/Versions/A/Frameworks/vecLib.framework/Versions/A/libLAPACK.dylib
0x00007fff327da000 	/System/Library/Frameworks/Accelerate.framework/Versions/A/Frameworks/vecLib.framework/Versions/A/libLinearAlgebra.dylib
0x00007fff32867000 	/System/Library/Frameworks/Accelerate.framework/Versions/A/Frameworks/vecLib.framework/Versions/A/libSparseBLAS.dylib
0x00007fff327f0000 	/System/Library/Frameworks/Accelerate.framework/Versions/A/Frameworks/vecLib.framework/Versions/A/libQuadrature.dylib
0x00007fff31f6a000 	/System/Library/Frameworks/Accelerate.framework/Versions/A/Frameworks/vecLib.framework/Versions/A/libBNNS.dylib
0x00007fff327f6000 	/System/Library/Frameworks/Accelerate.framework/Versions/A/Frameworks/vecLib.framework/Versions/A/libSparse.dylib
0x00007fff5af1c000 	/System/Library/PrivateFrameworks/LanguageModeling.framework/Versions/A/LanguageModeling
0x00007fff4d76f000 	/System/Library/PrivateFrameworks/CoreEmoji.framework/Versions/A/CoreEmoji
0x00007fff5b03a000 	/System/Library/PrivateFrameworks/LinguisticData.framework/Versions/A/LinguisticData
0x00007fff5afeb000 	/System/Library/PrivateFrameworks/Lexicon.framework/Versions/A/Lexicon
0x00007fff6cc23000 	/usr/lib/libcmph.dylib
0x00007fff3ef8e000 	/System/Library/Frameworks/OpenDirectory.framework/Versions/A/Frameworks/CFOpenDirectory.framework/Versions/A/CFOpenDirectory
0x00007fff3efab000 	/System/Library/Frameworks/OpenDirectory.framework/Versions/A/OpenDirectory
0x00007fff473d0000 	/System/Library/PrivateFrameworks/APFS.framework/Versions/A/APFS
0x00007fff4269a000 	/System/Library/Frameworks/SecurityFoundation.framework/Versions/A/SecurityFoundation
0x00007fff6ece9000 	/usr/lib/libutil.dylib
0x00007fff4eca4000 	/System/Library/PrivateFrameworks/CoreServicesStore.framework/Versions/A/CoreServicesStore
0x00007fff42751000 	/System/Library/Frameworks/ServiceManagement.framework/Versions/A/ServiceManagement
0x00007fff4a969000 	/System/Library/PrivateFrameworks/BackgroundTaskManagement.framework/Versions/A/BackgroundTaskManagement
0x00007fff6ede6000 	/usr/lib/libxslt.1.dylib
0x00007fff4980d000 	/System/Library/PrivateFrameworks/AppleSystemInfo.framework/Versions/A/AppleSystemInfo
0x00007fff38b4c000 	/System/Library/Frameworks/ImageIO.framework/Versions/A/Resources/libJPEG.dylib
0x00007fff38e08000 	/System/Library/Frameworks/ImageIO.framework/Versions/A/Resources/libTIFF.dylib
0x00007fff38deb000 	/System/Library/Frameworks/ImageIO.framework/Versions/A/Resources/libPng.dylib
0x00007fff38a8e000 	/System/Library/Frameworks/ImageIO.framework/Versions/A/Resources/libGIF.dylib
0x00007fff38a92000 	/System/Library/Frameworks/ImageIO.framework/Versions/A/Resources/libJP2.dylib
0x00007fff38e06000 	/System/Library/Frameworks/ImageIO.framework/Versions/A/Resources/libRadiance.dylib
0x00007fff6d665000 	/usr/lib/libexpat.1.dylib
0x00007fff492f5000 	/System/Library/PrivateFrameworks/AppleJPEG.framework/Versions/A/AppleJPEG
0x00007fff51f8d000 	/System/Library/PrivateFrameworks/FontServices.framework/libFontParser.dylib
0x00007fff68815000 	/System/Library/PrivateFrameworks/WatchdogClient.framework/Versions/A/WatchdogClient
0x00007fff5a577000 	/System/Library/PrivateFrameworks/IOAccelerator.framework/Versions/A/IOAccelerator
0x00007fff3b318000 	/System/Library/Frameworks/MetalPerformanceShaders.framework/Versions/A/MetalPerformanceShaders
0x00007fff56d0e000 	/System/Library/PrivateFrameworks/GPUWrangler.framework/Versions/A/GPUWrangler
0x00007fff5a58c000 	/System/Library/PrivateFrameworks/IOPresentment.framework/Versions/A/IOPresentment
0x00007fff4f821000 	/System/Library/PrivateFrameworks/DSExternalDisplay.framework/Versions/A/DSExternalDisplay
0x00007fff3f91f000 	/System/Library/Frameworks/OpenGL.framework/Versions/A/Libraries/libCoreFSCache.dylib
0x00007fff3b064000 	/System/Library/Frameworks/MetalPerformanceShaders.framework/Frameworks/MPSCore.framework/Versions/A/MPSCore
0x00007fff3b0a2000 	/System/Library/Frameworks/MetalPerformanceShaders.framework/Frameworks/MPSImage.framework/Versions/A/MPSImage
0x00007fff3b169000 	/System/Library/Frameworks/MetalPerformanceShaders.framework/Frameworks/MPSNeuralNetwork.framework/Versions/A/MPSNeuralNetwork
0x00007fff3b12d000 	/System/Library/Frameworks/MetalPerformanceShaders.framework/Frameworks/MPSMatrix.framework/Versions/A/MPSMatrix
0x00007fff3b2c8000 	/System/Library/Frameworks/MetalPerformanceShaders.framework/Frameworks/MPSRayIntersector.framework/Versions/A/MPSRayIntersector
0x00007fff3b153000 	/System/Library/Frameworks/MetalPerformanceShaders.framework/Frameworks/MPSNDArray.framework/Versions/A/MPSNDArray
0x00007fff5c3f3000 	/System/Library/PrivateFrameworks/MetalTools.framework/Versions/A/MetalTools
0x00007fff485a5000 	/System/Library/PrivateFrameworks/AggregateDictionary.framework/Versions/A/AggregateDictionary
0x00007fff4d1b9000 	/System/Library/PrivateFrameworks/CoreAnalytics.framework/Versions/A/CoreAnalytics
0x00007fff4972c000 	/System/Library/PrivateFrameworks/AppleSauce.framework/Versions/A/AppleSauce
0x00007fff6c623000 	/usr/lib/libIOReport.dylib
0x00007fff37a1a000 	/System/Library/Frameworks/CoreVideo.framework/Versions/A/CoreVideo
0x00007fff58188000 	/System/Library/PrivateFrameworks/GraphVisualizer.framework/Versions/A/GraphVisualizer
0x00007fff514d4000 	/System/Library/PrivateFrameworks/FaceCore.framework/Versions/A/FaceCore
0x00007fff3ef35000 	/System/Library/Frameworks/OpenCL.framework/Versions/A/OpenCL
0x00007fff6c445000 	/usr/lib/libFosl_dynamic.dylib
0x00007fff5d8c9000 	/System/Library/PrivateFrameworks/OTSVG.framework/Versions/A/OTSVG
0x00007fff33bd4000 	/System/Library/Frameworks/ApplicationServices.framework/Versions/A/Frameworks/ATS.framework/Versions/A/Resources/libFontRegistry.dylib
0x00007fff5215f000 	/System/Library/PrivateFrameworks/FontServices.framework/libhvf.dylib
0x00007fff3f92a000 	/System/Library/Frameworks/OpenGL.framework/Versions/A/Libraries/libGFXShared.dylib
0x00007fff3fb08000 	/System/Library/Frameworks/OpenGL.framework/Versions/A/Libraries/libGLU.dylib
0x00007fff3f933000 	/System/Library/Frameworks/OpenGL.framework/Versions/A/Libraries/libGL.dylib
0x00007fff3f93e000 	/System/Library/Frameworks/OpenGL.framework/Versions/A/Libraries/libGLImage.dylib
0x00007fff3f91c000 	/System/Library/Frameworks/OpenGL.framework/Versions/A/Libraries/libCVMSPluginSupport.dylib
0x00007fff3f925000 	/System/Library/Frameworks/OpenGL.framework/Versions/A/Libraries/libCoreVMClient.dylib
0x00007fff6e0b7000 	/usr/lib/libncurses.5.4.dylib
0x00007fff33ad0000 	/System/Library/Frameworks/ApplicationServices.framework/Versions/A/Frameworks/ATS.framework/Versions/A/ATS
0x00007fff33c9d000 	/System/Library/Frameworks/ApplicationServices.framework/Versions/A/Frameworks/ColorSyncLegacy.framework/Versions/A/ColorSyncLegacy
0x00007fff33d3b000 	/System/Library/Frameworks/ApplicationServices.framework/Versions/A/Frameworks/HIServices.framework/Versions/A/HIServices
0x00007fff33d93000 	/System/Library/Frameworks/ApplicationServices.framework/Versions/A/Frameworks/LangAnalysis.framework/Versions/A/LangAnalysis
0x00007fff33da2000 	/System/Library/Frameworks/ApplicationServices.framework/Versions/A/Frameworks/PrintCore.framework/Versions/A/PrintCore
0x00007fff33de8000 	/System/Library/Frameworks/ApplicationServices.framework/Versions/A/Frameworks/QD.framework/Versions/A/QD
0x00007fff33df3000 	/System/Library/Frameworks/ApplicationServices.framework/Versions/A/Frameworks/SpeechSynthesis.framework/Versions/A/SpeechSynthesis
0x00007fff33c6d000 	/System/Library/Frameworks/ApplicationServices.framework/Versions/A/Frameworks/ATSUI.framework/Versions/A/ATSUI
0x00007fff6d4fb000 	/usr/lib/libcups.2.dylib
0x00007fff3a3b3000 	/System/Library/Frameworks/Kerberos.framework/Versions/A/Kerberos
0x00007fff384f4000 	/System/Library/Frameworks/GSS.framework/Versions/A/GSS
0x00007fff6e83a000 	/usr/lib/libresolv.9.dylib
0x00007fff58335000 	/System/Library/PrivateFrameworks/Heimdal.framework/Versions/A/Heimdal
0x00007fff3a3c6000 	/System/Library/Frameworks/Kerberos.framework/Versions/A/Libraries/libHeimdalProxy.dylib
0x00007fff6d6a2000 	/usr/lib/libheimdal-asn1.dylib
0x00007fff4c654000 	/System/Library/PrivateFrameworks/CommonAuth.framework/Versions/A/CommonAuth
0x00007fff498aa000 	/System/Library/PrivateFrameworks/AssertionServices.framework/Versions/A/AssertionServices
0x00007fff4a44c000 	/System/Library/PrivateFrameworks/AudioToolboxCore.framework/Versions/A/AudioToolboxCore
0x00007fff694c0000 	/System/Library/PrivateFrameworks/caulk.framework/Versions/A/caulk
0x00007fff4aa15000 	/System/Library/PrivateFrameworks/BaseBoard.framework/Versions/A/BaseBoard
0x00007fff61b20000 	/System/Library/PrivateFrameworks/RunningBoardServices.framework/Versions/A/RunningBoardServices
0x00007fff5eb34000 	/System/Library/PrivateFrameworks/PersistentConnection.framework/Versions/A/PersistentConnection
0x00007fff6151a000 	/System/Library/PrivateFrameworks/ProtocolBuffer.framework/Versions/A/ProtocolBuffer
0x00007fff4c678000 	/System/Library/PrivateFrameworks/CommonUtilities.framework/Versions/A/CommonUtilities
0x00007fff4aba3000 	/System/Library/PrivateFrameworks/Bom.framework/Versions/A/Bom
0x00007fff6c2f6000 	/usr/lib/libAudioToolboxUtility.dylib
0x00007fff4a973000 	/System/Library/PrivateFrameworks/Backup.framework/Versions/A/Backup
0x00007fff4f742000 	/System/Library/PrivateFrameworks/CrashReporterSupport.framework/Versions/A/CrashReporterSupport
0x00007fff635b1000 	/System/Library/PrivateFrameworks/Sharing.framework/Versions/A/Sharing
0x00007fff48eb8000 	/System/Library/PrivateFrameworks/Apple80211.framework/Versions/A/Apple80211
0x00007fff4a690000 	/System/Library/PrivateFrameworks/AuthKit.framework/Versions/A/AuthKit
0x00007fff4f452000 	/System/Library/PrivateFrameworks/CoreUtils.framework/Versions/A/CoreUtils
0x00007fff37a5f000 	/System/Library/Frameworks/CoreWLAN.framework/Versions/A/CoreWLAN
0x00007fff38681000 	/System/Library/Frameworks/IOBluetooth.framework/Versions/A/IOBluetooth
0x00007fff5c6f8000 	/System/Library/PrivateFrameworks/MobileKeyBag.framework/Versions/A/MobileKeyBag
0x00007fff4e257000 	/System/Library/PrivateFrameworks/CorePhoneNumbers.framework/Versions/A/CorePhoneNumbers
0x00007fff492a8000 	/System/Library/PrivateFrameworks/AppleIDAuthSupport.framework/Versions/A/AppleIDAuthSupport
0x00007fff3c3ad000 	/System/Library/Frameworks/Network.framework/Versions/A/Network
0x00007fff5adc8000 	/System/Library/PrivateFrameworks/KeychainCircle.framework/Versions/A/KeychainCircle
0x00007fff354b3000 	/System/Library/Frameworks/CoreBluetooth.framework/Versions/A/CoreBluetooth
0x00007fff6562e000 	/System/Library/PrivateFrameworks/SpeechRecognitionCore.framework/Versions/A/SpeechRecognitionCore
0x000000010b800000 	/Library/Java/JavaVirtualMachines/jdk1.8.0_251.jdk/Contents/Home/jre/lib/server/libjvm.dylib
0x00007fff6ebbc000 	/usr/lib/libstdc++.6.dylib
0x000000010ae31000 	/Library/Java/JavaVirtualMachines/jdk1.8.0_251.jdk/Contents/Home/jre/lib/libverify.dylib
0x000000010ae3f000 	/Library/Java/JavaVirtualMachines/jdk1.8.0_251.jdk/Contents/Home/jre/lib/libjava.dylib
0x000000010ae76000 	/Library/Java/JavaVirtualMachines/jdk1.8.0_251.jdk/Contents/Home/jre/lib/libinstrument.dylib
0x000000010aee2000 	/Library/Java/JavaVirtualMachines/jdk1.8.0_251.jdk/Contents/Home/jre/lib/libzip.dylib

VM Arguments:
jvm_args: -javaagent:/Applications/IntelliJ IDEA.app/Contents/lib/idea_rt.jar=50279:/Applications/IntelliJ IDEA.app/Contents/bin -Dfile.encoding=UTF-8 
java_command: Numb
java_class_path (initial): /Library/Java/JavaVirtualMachines/jdk1.8.0_251.jdk/Contents/Home/jre/lib/charsets.jar:/Library/Java/JavaVirtualMachines/jdk1.8.0_251.jdk/Contents/Home/jre/lib/deploy.jar:/Library/Java/JavaVirtualMachines/jdk1.8.0_251.jdk/Contents/Home/jre/lib/ext/cldrdata.jar:/Library/Java/JavaVirtualMachines/jdk1.8.0_251.jdk/Contents/Home/jre/lib/ext/dnsns.jar:/Library/Java/JavaVirtualMachines/jdk1.8.0_251.jdk/Contents/Home/jre/lib/ext/jaccess.jar:/Library/Java/JavaVirtualMachines/jdk1.8.0_251.jdk/Contents/Home/jre/lib/ext/jfxrt.jar:/Library/Java/JavaVirtualMachines/jdk1.8.0_251.jdk/Contents/Home/jre/lib/ext/localedata.jar:/Library/Java/JavaVirtualMachines/jdk1.8.0_251.jdk/Contents/Home/jre/lib/ext/nashorn.jar:/Library/Java/JavaVirtualMachines/jdk1.8.0_251.jdk/Contents/Home/jre/lib/ext/sunec.jar:/Library/Java/JavaVirtualMachines/jdk1.8.0_251.jdk/Contents/Home/jre/lib/ext/sunjce_provider.jar:/Library/Java/JavaVirtualMachines/jdk1.8.0_251.jdk/Contents/Home/jre/lib/ext/sunpkcs11.jar:/Library/Java/JavaVirtualMachines/jdk1.8.0_251.jdk/Contents/Home/jre/lib/ext/zipfs.jar:/Library/Java/JavaVirtualMachines/jdk1.8.0_251.jdk/Contents/Home/jre/lib/javaws.jar:/Library/Java/JavaVirtualMachines/jdk1.8.0_251.jdk/Contents/Home/jre/lib/jce.jar:/Library/Java/JavaVirtualMachines/jdk1.8.0_251.jdk/Contents/Home/jre/lib/jfr.jar:/Library/Java/JavaVirtualMachines/jdk1.8.0_251.jdk/Contents/Home/jre/lib/jfxswt.jar:/Library/Java/JavaVirtualMachines/jdk1.8.0_251.jdk/Contents/Home/jre/lib/jsse.jar:/Library/Java/JavaVirtualMachines/jdk1.8.0_251.jdk/Contents/Home/jre/lib/management-agent.jar:/Library/Java/JavaVirtualMachines/jdk1.8.0_251.jdk/Contents/Home/jre/lib/plugin.jar:/Library/Java/JavaVirtualMachines/jdk1.8.0_251.jdk/Contents/Home/jre/lib/resources.jar:/Library/Java/JavaVirtualMachines/jdk1.8.0_251.jdk/Contents/Home/jre/lib/rt.jar:/Library/Java/JavaVirtualMachines/jdk1.8.0_251.jdk/Contents/Home/lib/ant-javafx.jar:/Library/Java/JavaVirtualMachines/jdk1.8.0_251.jdk/Contents/Home
Launcher Type: SUN_STANDARD

Environment Variables:
PATH=/usr/local/bin:/usr/bin:/bin:/usr/sbin:/sbin
SHELL=/bin/zsh

Signal Handlers:
SIGSEGV: [libjvm.dylib+0x5bc2ff], sa_mask[0]=11111111011111110111111111111111, sa_flags=SA_ONSTACK|SA_RESTART|SA_SIGINFO
SIGBUS: [libjvm.dylib+0x5bc2ff], sa_mask[0]=11111111011111110111111111111111, sa_flags=SA_RESTART|SA_SIGINFO
SIGFPE: [libjvm.dylib+0x48d41c], sa_mask[0]=11111111011111110111111111111111, sa_flags=SA_RESTART|SA_SIGINFO
SIGPIPE: [libjvm.dylib+0x48d41c], sa_mask[0]=11111111011111110111111111111111, sa_flags=SA_RESTART|SA_SIGINFO
SIGXFSZ: [libjvm.dylib+0x48d41c], sa_mask[0]=11111111011111110111111111111111, sa_flags=SA_RESTART|SA_SIGINFO
SIGILL: [libjvm.dylib+0x48d41c], sa_mask[0]=11111111011111110111111111111111, sa_flags=SA_RESTART|SA_SIGINFO
SIGUSR1: SIG_DFL, sa_mask[0]=00000000000000000000000000000000, sa_flags=none
SIGUSR2: [libjvm.dylib+0x48cf3a], sa_mask[0]=00100000000000000000000000000000, sa_flags=SA_RESTART|SA_SIGINFO
SIGHUP: [libjvm.dylib+0x48b4c5], sa_mask[0]=11111111011111110111111111111111, sa_flags=SA_RESTART|SA_SIGINFO
SIGINT: [libjvm.dylib+0x48b4c5], sa_mask[0]=11111111011111110111111111111111, sa_flags=SA_RESTART|SA_SIGINFO
SIGTERM: [libjvm.dylib+0x48b4c5], sa_mask[0]=11111111011111110111111111111111, sa_flags=SA_RESTART|SA_SIGINFO
SIGQUIT: SIG_DFL, sa_mask[0]=11111111011111110111111111111111, sa_flags=SA_RESTART|SA_SIGINFO


---------------  S Y S T E M  ---------------

OS:Bsduname:Darwin 19.5.0 Darwin Kernel Version 19.5.0: Tue May 26 20:41:44 PDT 2020; root:xnu-6153.121.2~2/RELEASE_X86_64 x86_64
rlimit: STACK 8192k, CORE 0k, NPROC 1392, NOFILE 10240, AS infinity
load average:1.43 1.51 1.65

CPU:total 4 (initial active 4) (2 cores per cpu, 2 threads per core) family 6 model 126 stepping 5, cmov, cx8, fxsr, mmx, sse, sse2, sse3, ssse3, sse4.1, sse4.2, popcnt, avx, avx2, aes, clmul, erms, 3dnowpref, lzcnt, ht, tsc, tscinvbit, bmi1, bmi2, adx

Memory: 4k page, physical 8388608k(320360k free)

/proc/meminfo:


vm_info: Java HotSpot(TM) 64-Bit Server VM (25.251-b08) for bsd-amd64 JRE (1.8.0_251-b08), built on Mar 12 2020 02:36:37 by "java_re" with gcc 4.2.1 (Based on Apple Inc. build 5658) (LLVM build 2336.11.00)

time: Wed Jun 17 14:00:38 2020
timezone: EDT
elapsed time: 0 seconds (0d 0h 0m 0s)

